Deviatoric Moment Tensor Inversion
Depth = 12.0000 (km)
Mo = 3.121e+22 (dyne-cm)
Mw = 4.30
Percent DC   =  93
Percent CLVD =   7
Percent ISO  =   0
Fault Plane 1: Strike=234 Dip=73 Rake=-4 
Fault Plane 2: Strike=325 Dip=86 Rake=-163
Percent Variance Reduction = 81.35

Moment Tensor Elements: Aki and Richards Cartesian Coordinates
Mxx        Myy        Mzz        Mxy        Mxz        Myz
-2.673e+22 2.890e+22  -2.171e+21 -9.256e+21 6.300e+21  6.211e+21 

GCMT convention (N-m)
Mrr        Mtt        Mpp        Mrt        Mrp        Mtp
-2.171e+14 -2.673e+15 2.890e+15  6.300e+14  -6.211e+14 9.256e+14 

Eigenvalues: 3.121e+22 -1.088e+21
Lune Coordinates: -1.76  0.00  
Station Information
    station  distance  azimuth  ts  npts   dt  Z  R  T weights     VR  longitude  latitude
 BK.QRDG.00     80.99   335.29  31   150  1.0  1  1  1  1.0000  91.35    -122.14     38.48
 BK.RUSS.00     81.16   353.18  32   100  1.0  1  1  1  1.0021  79.29    -121.87     38.54
  BK.CVS.00     84.88   313.73  31   100  1.0  1  1  1  1.0480  77.82    -122.46     38.35
 BK.OAKV.00     88.89   320.02  30   100  1.0  1  1  1  1.0975  53.79    -122.41     38.43
 BK.FARB.00    110.46   263.41  30   100  1.0  1  1  1  1.3639  67.09    -123.00     37.70
  BK.SAO.00    120.23   166.71  31   150  1.0  1  1  1  1.4845  90.02    -121.45     36.76
  BK.CMB.00    122.83    78.33  30   150  1.0  1  1  1  1.5166  74.78    -120.39     38.03
 BK.MNRC.00    132.06   333.21  32   150  1.0  1  1  1  1.6306  86.57    -122.44     38.88
