waveforms/BK.BUCR.00.BHE__20190716T200601Z__20190716T201601Z.mseed
waveforms/BK.BUCR.00.BHN__20190716T200601Z__20190716T201601Z.mseed
waveforms/BK.BUCR.00.BHZ__20190716T200601Z__20190716T201601Z.mseed
waveforms/BK.CMB.00.BHE__20190716T200601Z__20190716T201601Z.mseed
waveforms/BK.CMB.00.BHN__20190716T200601Z__20190716T201601Z.mseed
waveforms/BK.CMB.00.BHZ__20190716T200601Z__20190716T201601Z.mseed
waveforms/BK.CVS.00.BHE__20190716T200601Z__20190716T201601Z.mseed
waveforms/BK.CVS.00.BHN__20190716T200601Z__20190716T201601Z.mseed
waveforms/BK.CVS.00.BHZ__20190716T200601Z__20190716T201601Z.mseed
waveforms/BK.FARB.00.BHE__20190716T200601Z__20190716T201601Z.mseed
waveforms/BK.FARB.00.BHN__20190716T200601Z__20190716T201601Z.mseed
waveforms/BK.FARB.00.BHZ__20190716T200601Z__20190716T201601Z.mseed
waveforms/BK.MCCM.00.BHE__20190716T200601Z__20190716T201601Z.mseed
waveforms/BK.MCCM.00.BHN__20190716T200601Z__20190716T201601Z.mseed
waveforms/BK.MCCM.00.BHZ__20190716T200601Z__20190716T201601Z.mseed
waveforms/BK.MNRC.00.BHE__20190716T200601Z__20190716T201601Z.mseed
waveforms/BK.MNRC.00.BHN__20190716T200601Z__20190716T201601Z.mseed
waveforms/BK.MNRC.00.BHZ__20190716T200601Z__20190716T201601Z.mseed
waveforms/BK.OAKV.00.BHE__20190716T200601Z__20190716T201601Z.mseed
waveforms/BK.OAKV.00.BHN__20190716T200601Z__20190716T201601Z.mseed
waveforms/BK.OAKV.00.BHZ__20190716T200601Z__20190716T201601Z.mseed
waveforms/BK.QRDG.00.BHE__20190716T200601Z__20190716T201601Z.mseed
waveforms/BK.QRDG.00.BHN__20190716T200601Z__20190716T201601Z.mseed
waveforms/BK.QRDG.00.BHZ__20190716T200601Z__20190716T201601Z.mseed
waveforms/BK.RUSS.00.BHE__20190716T200601Z__20190716T201601Z.mseed
waveforms/BK.RUSS.00.BHN__20190716T200601Z__20190716T201601Z.mseed
waveforms/BK.RUSS.00.BHZ__20190716T200601Z__20190716T201601Z.mseed
waveforms/BK.SAO.00.BHE__20190716T200601Z__20190716T201601Z.mseed
waveforms/BK.SAO.00.BHN__20190716T200601Z__20190716T201601Z.mseed
waveforms/BK.SAO.00.BHZ__20190716T200601Z__20190716T201601Z.mseed
waveforms/BK.SCZ.00.BHE__20190716T200601Z__20190716T201601Z.mseed
waveforms/BK.SCZ.00.BHN__20190716T200601Z__20190716T201601Z.mseed
waveforms/BK.SCZ.00.BHZ__20190716T200601Z__20190716T201601Z.mseed
waveforms/BK.WELL.00.BHE__20190716T200601Z__20190716T201601Z.mseed
waveforms/BK.WELL.00.BHN__20190716T200601Z__20190716T201601Z.mseed
waveforms/BK.WELL.00.BHZ__20190716T200601Z__20190716T201601Z.mseed
waveforms/NC.AFD..HHE__20190716T200601Z__20190716T201601Z.mseed
waveforms/NC.AFD..HHN__20190716T200601Z__20190716T201601Z.mseed
waveforms/NC.AFD..HHZ__20190716T200601Z__20190716T201601Z.mseed
waveforms/NC.GDXB..HHE__20190716T200601Z__20190716T201601Z.mseed
waveforms/NC.GDXB..HHN__20190716T200601Z__20190716T201601Z.mseed
waveforms/NC.GDXB..HHZ__20190716T200601Z__20190716T201601Z.mseed
