Full Moment Tensor Inversion
Depth = 10.0000 (km)
Mo = 3.833e+22 (dyne-cm)
Mw = 4.36
Percent DC   =  90
Percent CLVD =   8
Percent ISO  =   3
Fault Plane 1: Strike=233 Dip=66 Rake=-6 
Fault Plane 2: Strike=326 Dip=84 Rake=-156
Percent Variance Reduction = 74.47

Moment Tensor Elements: Aki and Richards Cartesian Coordinates
Mxx        Myy        Mzz        Mxy        Mxz        Myz
-2.836e+22 3.458e+22  -3.037e+21 -1.067e+22 1.033e+22  1.066e+22 

Harvard/CMT convention
Mrr        Mtt        Mpp        Mrt        Mrp        Mtp
-3.037e+21 -2.836e+22 3.458e+22  1.033e+22  -1.066e+22 1.067e+22 

Eigenvalues: 3.833e+22 -3.790e+20 -3.477e+22
Lune Coordinates: -1.95  2.03  
Station Information
    station distance azimuth  ts  npts   dt  Z  R  T weights    VR longitude latitude
 BK.QRDG.00    80.99  335.29  32   150 1.00  1  1  1    1.00 89.26  -122.140   38.480
 BK.RUSS.00    81.16  353.18  32   150 1.00  1  1  1    1.00 73.30  -121.870   38.540
  BK.CVS.00    84.88  313.73  31   150 1.00  1  1  1    1.05 74.81  -122.460   38.350
 BK.OAKV.00    88.89  320.02  31   150 1.00  1  1  1    1.10 32.40  -122.410   38.430
 BK.FARB.00   110.46  263.41  31   150 1.00  1  1  1    1.36 56.80  -123.000   37.700
  BK.SAO.00   120.23  166.71  31   150 1.00  1  1  1    1.48 86.32  -121.450   36.760
  BK.CMB.00   122.83   78.33  31   150 1.00  1  1  1    1.52 85.93  -120.390   38.030
 BK.MNRC.00   132.06  333.21  32   150 1.00  1  1  1    1.63 82.31  -122.440   38.880
