Full Moment Tensor Inversion
Depth = 12.0000 (km)
Mo = 4.030e+22 (dyne-cm)
Mw = 4.37
Percent DC   =  85
Percent CLVD =  10
Percent ISO  =   5
Fault Plane 1: Strike=234 Dip=71 Rake=-5 
Fault Plane 2: Strike=325 Dip=85 Rake=-161
Percent Variance Reduction = 73.86

Moment Tensor Elements: Aki and Richards Cartesian Coordinates
Mxx        Myy        Mzz        Mxy        Mxz        Myz
-2.931e+22 3.717e+22  -1.661e+21 -1.133e+22 8.376e+21  8.608e+21 

Harvard/CMT convention
Mrr        Mtt        Mpp        Mrt        Mrp        Mtp
-1.661e+21 -2.931e+22 3.717e+22  8.376e+21  -8.608e+21 1.133e+22 

Eigenvalues: 4.030e+22 3.455e+19 -3.413e+22
Lune Coordinates: -2.71  3.89  
Station Information
    station distance azimuth  ts  npts   dt  Z  R  T weights    VR longitude latitude
 BK.QRDG.00    80.99  335.29  32   150 1.00  1  1  1    1.00 88.65  -122.140   38.480
 BK.RUSS.00    81.16  353.18  32   150 1.00  1  1  1    1.00 71.05  -121.870   38.540
  BK.CVS.00    84.88  313.73  31   150 1.00  1  1  1    1.05 74.38  -122.460   38.350
 BK.OAKV.00    88.89  320.02  31   150 1.00  1  1  1    1.10 32.72  -122.410   38.430
 BK.FARB.00   110.46  263.41  31   150 1.00  1  1  1    1.36 54.78  -123.000   37.700
  BK.SAO.00   120.23  166.71  31   150 1.00  1  1  1    1.48 85.97  -121.450   36.760
  BK.CMB.00   122.83   78.33  31   150 1.00  1  1  1    1.52 85.78  -120.390   38.030
 BK.MNRC.00   132.06  333.21  32   150 1.00  1  1  1    1.63 81.75  -122.440   38.880
